-------------------------------------------------------------------------------
Test set: ca.brandongartner.jag.mail_business_tests.TestMainApplication
-------------------------------------------------------------------------------
Tests run: 24, Failures: 1, Errors: 2, Skipped: 0, Time elapsed: 162.315 s <<< FAILURE! - in ca.brandongartner.jag.mail_business_tests.TestMainApplication
testEmailFieldsSame  Time elapsed: 13.088 s  <<< FAILURE!
java.lang.AssertionError
	at ca.brandongartner.jag.mail_business_tests.TestMainApplication.testEmailFieldsSame(TestMainApplication.java:456)

testNullEmailAddressSend  Time elapsed: 3.309 s  <<< ERROR!
java.lang.Exception: Unexpected exception, expected<jodd.mail.MailException> but was<java.lang.ExceptionInInitializerError>
	at ca.brandongartner.jag.mail_business_tests.TestMainApplication.testNullEmailAddressSend(TestMainApplication.java:339)
Caused by: java.lang.IllegalStateException: Toolkit not initialized
	at ca.brandongartner.jag.mail_business_tests.TestMainApplication.testNullEmailAddressSend(TestMainApplication.java:339)

testInvalidEmailAddressSend  Time elapsed: 3.008 s  <<< ERROR!
java.lang.Exception: Unexpected exception, expected<jodd.mail.MailException> but was<java.lang.NoClassDefFoundError>
	at ca.brandongartner.jag.mail_business_tests.TestMainApplication.testInvalidEmailAddressSend(TestMainApplication.java:349)

