<?xml version="1.0" encoding="UTF-8"?>
<testsuite xmlns:xsi="http://www.w3.org/2001/XMLSchema-instance" xsi:noNamespaceSchemaLocation="https://maven.apache.org/surefire/maven-surefire-plugin/xsd/surefire-test-report.xsd" name="ca.brandongartner.jag.mail_business_tests.TestMainApplication" time="131.185" tests="24" errors="4" skipped="0" failures="0">
  <properties>
[...]
</properties>
  <testcase name="testOneRecipientOneCC" classname="ca.brandongartner.jag.mail_business_tests.TestMainApplication" time="5.748"/>
  <testcase name="testOneRecipientTwoCC" classname="ca.brandongartner.jag.mail_business_tests.TestMainApplication" time="5.095"/>
  <testcase name="testEmailFieldsSame" classname="ca.brandongartner.jag.mail_business_tests.TestMainApplication" time="8.377">
    <error message="Open session error; &lt;--- javax.mail.AuthenticationFailedException: [AUTHENTICATIONFAILED] Invalid credentials (Failure)" type="jodd.mail.MailException"><![CDATA[jodd.mail.MailException: Open session error; <--- javax.mail.AuthenticationFailedException: [AUTHENTICATIONFAILED] Invalid credentials (Failure)
	at ca.brandongartner.jag.mail_business_tests.TestMainApplication.testEmailFieldsSame(TestMainApplication.java:442)
Caused by: javax.mail.AuthenticationFailedException: [AUTHENTICATIONFAILED] Invalid credentials (Failure)
	at ca.brandongartner.jag.mail_business_tests.TestMainApplication.testEmailFieldsSame(TestMainApplication.java:442)
]]></error>
    <system-out><![CDATA[[INFO ] 2020-11-24 16:58:59.206 [Time-limited test] SendReceiveEmail - Email bg01test@gmail.com verified!
[INFO ] 2020-11-24 16:58:59.207 [Time-limited test] SendReceiveEmail - Email bg02test@gmail.com verified!
[INFO ] 2020-11-24 16:58:59.208 [Time-limited test] SendReceiveEmail - SMTP server generated!
[INFO ] 2020-11-24 16:58:59.208 [Time-limited test] SendReceiveEmail - Recipient: bg02test@gmail.com added!
[INFO ] 2020-11-24 16:59:01.021 [Time-limited test] SendReceiveEmail - Email sent.
[INFO ] 2020-11-24 16:59:01.086 [Time-limited test] SendReceiveEmail - Email bg02test@gmail.com verified!
[DEBUG] 2020-11-24 16:59:01.086 [Time-limited test] SendReceiveEmail - Email Address: bg02test@gmail.com
[DEBUG] 2020-11-24 16:59:01.086 [Time-limited test] SendReceiveEmail - Password: Dawson123
[INFO ] 2020-11-24 16:59:01.087 [Time-limited test] SendReceiveEmail - IMAP server generated!
]]></system-out>
  </testcase>
  <testcase name="testRetrievingReturningArrayofReceivedEmails" classname="ca.brandongartner.jag.mail_business_tests.TestMainApplication" time="8.413">
    <error message="Open session error; &lt;--- javax.mail.AuthenticationFailedException: [AUTHENTICATIONFAILED] Invalid credentials (Failure)" type="jodd.mail.MailException"><![CDATA[jodd.mail.MailException: Open session error; <--- javax.mail.AuthenticationFailedException: [AUTHENTICATIONFAILED] Invalid credentials (Failure)
	at ca.brandongartner.jag.mail_business_tests.TestMainApplication.testRetrievingReturningArrayofReceivedEmails(TestMainApplication.java:366)
Caused by: javax.mail.AuthenticationFailedException: [AUTHENTICATIONFAILED] Invalid credentials (Failure)
	at ca.brandongartner.jag.mail_business_tests.TestMainApplication.testRetrievingReturningArrayofReceivedEmails(TestMainApplication.java:366)
]]></error>
    <system-out><![CDATA[[INFO ] 2020-11-24 16:59:04.569 [Time-limited test] SendReceiveEmail - Email bg01test@gmail.com verified!
[INFO ] 2020-11-24 16:59:04.572 [Time-limited test] SendReceiveEmail - Email bg02test@gmail.com verified!
[INFO ] 2020-11-24 16:59:04.573 [Time-limited test] SendReceiveEmail - SMTP server generated!
[INFO ] 2020-11-24 16:59:04.573 [Time-limited test] SendReceiveEmail - Recipient: bg02test@gmail.com added!
[INFO ] 2020-11-24 16:59:06.498 [Time-limited test] SendReceiveEmail - Email sent.
[INFO ] 2020-11-24 16:59:09.564 [Time-limited test] SendReceiveEmail - Email bg02test@gmail.com verified!
[DEBUG] 2020-11-24 16:59:09.564 [Time-limited test] SendReceiveEmail - Email Address: bg02test@gmail.com
[DEBUG] 2020-11-24 16:59:09.564 [Time-limited test] SendReceiveEmail - Password: Dawson123
[INFO ] 2020-11-24 16:59:09.564 [Time-limited test] SendReceiveEmail - IMAP server generated!
]]></system-out>
  </testcase>
  <testcase name="testDoubleReceive" classname="ca.brandongartner.jag.mail_business_tests.TestMainApplication" time="8.343">
    <error message="Open session error; &lt;--- javax.mail.AuthenticationFailedException: [AUTHENTICATIONFAILED] Invalid credentials (Failure)" type="jodd.mail.MailException"><![CDATA[jodd.mail.MailException: Open session error; <--- javax.mail.AuthenticationFailedException: [AUTHENTICATIONFAILED] Invalid credentials (Failure)
	at ca.brandongartner.jag.mail_business_tests.TestMainApplication.testDoubleReceive(TestMainApplication.java:417)
Caused by: javax.mail.AuthenticationFailedException: [AUTHENTICATIONFAILED] Invalid credentials (Failure)
	at ca.brandongartner.jag.mail_business_tests.TestMainApplication.testDoubleReceive(TestMainApplication.java:417)
]]></error>
    <system-out><![CDATA[[INFO ] 2020-11-24 16:59:12.982 [Time-limited test] SendReceiveEmail - Email bg01test@gmail.com verified!
[INFO ] 2020-11-24 16:59:12.982 [Time-limited test] SendReceiveEmail - Email bg02test@gmail.com verified!
[INFO ] 2020-11-24 16:59:12.982 [Time-limited test] SendReceiveEmail - SMTP server generated!
[INFO ] 2020-11-24 16:59:12.983 [Time-limited test] SendReceiveEmail - Recipient: bg02test@gmail.com added!
[INFO ] 2020-11-24 16:59:14.864 [Time-limited test] SendReceiveEmail - Email sent.
[INFO ] 2020-11-24 16:59:17.930 [Time-limited test] SendReceiveEmail - Email bg02test@gmail.com verified!
[DEBUG] 2020-11-24 16:59:17.930 [Time-limited test] SendReceiveEmail - Email Address: bg02test@gmail.com
[DEBUG] 2020-11-24 16:59:17.930 [Time-limited test] SendReceiveEmail - Password: Dawson123
[INFO ] 2020-11-24 16:59:17.930 [Time-limited test] SendReceiveEmail - IMAP server generated!
]]></system-out>
  </testcase>
  <testcase name="testOneRecipientOneBCC" classname="ca.brandongartner.jag.mail_business_tests.TestMainApplication" time="4.926"/>
  <testcase name="testOneRecipientTwoBCC" classname="ca.brandongartner.jag.mail_business_tests.TestMainApplication" time="4.854"/>
  <testcase name="testNullEmailAddressSend" classname="ca.brandongartner.jag.mail_business_tests.TestMainApplication" time="3.015"/>
  <testcase name="testSendTextSubjectHTMLEmail" classname="ca.brandongartner.jag.mail_business_tests.TestMainApplication" time="4.75"/>
  <testcase name="testOneRecipientOneEmbeddedAttachment" classname="ca.brandongartner.jag.mail_business_tests.TestMainApplication" time="4.932"/>
  <testcase name="testSendEmptyMessage" classname="ca.brandongartner.jag.mail_business_tests.TestMainApplication" time="4.675"/>
  <testcase name="testBadMailConfigBadEmailOnReceive" classname="ca.brandongartner.jag.mail_business_tests.TestMainApplication" time="9.725"/>
  <testcase name="testBadMailConfigWrongPassOnReceive" classname="ca.brandongartner.jag.mail_business_tests.TestMainApplication" time="10.073"/>
  <testcase name="testSendHTMLEmail" classname="ca.brandongartner.jag.mail_business_tests.TestMainApplication" time="4.682"/>
  <testcase name="testReceivingEmails" classname="ca.brandongartner.jag.mail_business_tests.TestMainApplication" time="3.445">
    <error message="Open session error; &lt;--- javax.mail.AuthenticationFailedException: [AUTHENTICATIONFAILED] Invalid credentials (Failure)" type="jodd.mail.MailException"><![CDATA[jodd.mail.MailException: Open session error; <--- javax.mail.AuthenticationFailedException: [AUTHENTICATIONFAILED] Invalid credentials (Failure)
	at ca.brandongartner.jag.mail_business_tests.TestMainApplication.testReceivingEmails(TestMainApplication.java:380)
Caused by: javax.mail.AuthenticationFailedException: [AUTHENTICATIONFAILED] Invalid credentials (Failure)
	at ca.brandongartner.jag.mail_business_tests.TestMainApplication.testReceivingEmails(TestMainApplication.java:380)
]]></error>
    <system-out><![CDATA[[INFO ] 2020-11-24 17:00:12.958 [Time-limited test] SendReceiveEmail - Email bg02test@gmail.com verified!
[DEBUG] 2020-11-24 17:00:12.958 [Time-limited test] SendReceiveEmail - Email Address: bg02test@gmail.com
[DEBUG] 2020-11-24 17:00:12.958 [Time-limited test] SendReceiveEmail - Password: Dawson123
[INFO ] 2020-11-24 17:00:12.958 [Time-limited test] SendReceiveEmail - IMAP server generated!
]]></system-out>
  </testcase>
  <testcase name="testOneRecipientMultipleAttachments" classname="ca.brandongartner.jag.mail_business_tests.TestMainApplication" time="5.519"/>
  <testcase name="testSendWithoutRecipient" classname="ca.brandongartner.jag.mail_business_tests.TestMainApplication" time="3.624"/>
  <testcase name="testOneRecipientMultipleEmbeddedAttachment" classname="ca.brandongartner.jag.mail_business_tests.TestMainApplication" time="5.937"/>
  <testcase name="testOneRecipientOneAttachment" classname="ca.brandongartner.jag.mail_business_tests.TestMainApplication" time="5.662"/>
  <testcase name="testSendTextOnlyMessage" classname="ca.brandongartner.jag.mail_business_tests.TestMainApplication" time="4.737"/>
  <testcase name="testBadMailConfigBadEmailOnSend" classname="ca.brandongartner.jag.mail_business_tests.TestMainApplication" time="3.406"/>
  <testcase name="testBadMailConfigWrongPassOnSend" classname="ca.brandongartner.jag.mail_business_tests.TestMainApplication" time="3.412"/>
  <testcase name="testInvalidEmailAddressSend" classname="ca.brandongartner.jag.mail_business_tests.TestMainApplication" time="3.004"/>
  <testcase name="testSendMultipleRecipients" classname="ca.brandongartner.jag.mail_business_tests.TestMainApplication" time="4.825"/>
</testsuite>