<?xml version="1.0" encoding="UTF-8"?>
<testsuite xmlns:xsi="http://www.w3.org/2001/XMLSchema-instance" xsi:noNamespaceSchemaLocation="https://maven.apache.org/surefire/maven-surefire-plugin/xsd/surefire-test-report.xsd" name="ca.brandongartner.jag.mail_business_tests.TestMainApplication" time="162.315" tests="24" errors="2" skipped="0" failures="1">
  <properties>
[...]
</properties>
  <testcase name="testOneRecipientOneCC" classname="ca.brandongartner.jag.mail_business_tests.TestMainApplication" time="5.603"/>
  <testcase name="testOneRecipientTwoCC" classname="ca.brandongartner.jag.mail_business_tests.TestMainApplication" time="4.784"/>
  <testcase name="testEmailFieldsSame" classname="ca.brandongartner.jag.mail_business_tests.TestMainApplication" time="13.088">
    <failure type="java.lang.AssertionError">java.lang.AssertionError
	at ca.brandongartner.jag.mail_business_tests.TestMainApplication.testEmailFieldsSame(TestMainApplication.java:456)
</failure>
    <system-out><![CDATA[[INFO ] 2020-11-24 23:12:49.496 [Time-limited test] SendReceiveEmail - Email bg01test@gmail.com verified!
[INFO ] 2020-11-24 23:12:49.497 [Time-limited test] SendReceiveEmail - Email bg02test@gmail.com verified!
[INFO ] 2020-11-24 23:12:49.497 [Time-limited test] SendReceiveEmail - SMTP server generated!
[INFO ] 2020-11-24 23:12:49.497 [Time-limited test] SendReceiveEmail - Recipient: bg02test@gmail.com added!
[INFO ] 2020-11-24 23:12:51.167 [Time-limited test] SendReceiveEmail - Email sent.
[INFO ] 2020-11-24 23:12:51.224 [Time-limited test] SendReceiveEmail - Email bg02test@gmail.com verified!
[DEBUG] 2020-11-24 23:12:51.225 [Time-limited test] SendReceiveEmail - Email Address: bg02test@gmail.com
[DEBUG] 2020-11-24 23:12:51.226 [Time-limited test] SendReceiveEmail - Password: Dawson123
[INFO ] 2020-11-24 23:12:51.228 [Time-limited test] SendReceiveEmail - IMAP server generated!
[INFO ] 2020-11-24 23:12:56.547 [Time-limited test] SendReceiveEmail - 
 >>>> ReceivedEmail count = 7
[INFO ] 2020-11-24 23:12:56.547 [Time-limited test] SendReceiveEmail - 

===[91]===
[INFO ] 2020-11-24 23:12:56.548 [Time-limited test] SendReceiveEmail - FROM:bg01test@gmail.com
[INFO ] 2020-11-24 23:12:56.548 [Time-limited test] SendReceiveEmail - TO:[bg02test@gmail.com]
[INFO ] 2020-11-24 23:12:56.548 [Time-limited test] SendReceiveEmail - CC:[]
[INFO ] 2020-11-24 23:12:56.548 [Time-limited test] SendReceiveEmail - SUBJECT:null
[INFO ] 2020-11-24 23:12:56.548 [Time-limited test] SendReceiveEmail - PRIORITY:-1
[INFO ] 2020-11-24 23:12:56.549 [Time-limited test] SendReceiveEmail - SENT DATE:Tue Nov 24 22:54:07 EST 2020
[INFO ] 2020-11-24 23:12:56.549 [Time-limited test] SendReceiveEmail - RECEIVED DATE: Tue Nov 24 22:54:09 EST 2020
[INFO ] 2020-11-24 23:12:56.550 [Time-limited test] SendReceiveEmail - ------
[INFO ] 2020-11-24 23:12:56.550 [Time-limited test] SendReceiveEmail - UTF-8
[INFO ] 2020-11-24 23:12:56.550 [Time-limited test] SendReceiveEmail - TEXT/PLAIN
[INFO ] 2020-11-24 23:12:56.550 [Time-limited test] SendReceiveEmail - gggggggggggggggggggggggggggggggggggggggg
[INFO ] 2020-11-24 23:12:56.551 [Time-limited test] SendReceiveEmail - +++++
[INFO ] 2020-11-24 23:12:56.551 [Time-limited test] SendReceiveEmail - 

===[92]===
[INFO ] 2020-11-24 23:12:56.552 [Time-limited test] SendReceiveEmail - FROM:bg01test@gmail.com
[INFO ] 2020-11-24 23:12:56.552 [Time-limited test] SendReceiveEmail - TO:[bg02test@gmail.com]
[INFO ] 2020-11-24 23:12:56.552 [Time-limited test] SendReceiveEmail - CC:[]
[INFO ] 2020-11-24 23:12:56.552 [Time-limited test] SendReceiveEmail - SUBJECT:null
[INFO ] 2020-11-24 23:12:56.552 [Time-limited test] SendReceiveEmail - PRIORITY:-1
[INFO ] 2020-11-24 23:12:56.552 [Time-limited test] SendReceiveEmail - SENT DATE:Tue Nov 24 22:54:16 EST 2020
[INFO ] 2020-11-24 23:12:56.552 [Time-limited test] SendReceiveEmail - RECEIVED DATE: Tue Nov 24 22:54:18 EST 2020
[INFO ] 2020-11-24 23:12:56.552 [Time-limited test] SendReceiveEmail - ------
[INFO ] 2020-11-24 23:12:56.553 [Time-limited test] SendReceiveEmail - UTF-8
[INFO ] 2020-11-24 23:12:56.553 [Time-limited test] SendReceiveEmail - TEXT/PLAIN
[INFO ] 2020-11-24 23:12:56.553 [Time-limited test] SendReceiveEmail - iiiiiiiiiiiiiiiiiiiiiiiiiiiiiiiiiiiiiiiiiiiiiiiiiiiiiiiiiiiiiiiiiiiiiiiii
[INFO ] 2020-11-24 23:12:56.553 [Time-limited test] SendReceiveEmail - ------
[INFO ] 2020-11-24 23:12:56.553 [Time-limited test] SendReceiveEmail - UTF-8
[INFO ] 2020-11-24 23:12:56.553 [Time-limited test] SendReceiveEmail - TEXT/HTML
[INFO ] 2020-11-24 23:12:56.553 [Time-limited test] SendReceiveEmail - <img width=100 height=100 id="1" src="cid:blue.png"/>
[INFO ] 2020-11-24 23:12:56.553 [Time-limited test] SendReceiveEmail - ------
[INFO ] 2020-11-24 23:12:56.553 [Time-limited test] SendReceiveEmail - UTF-8
[INFO ] 2020-11-24 23:12:56.554 [Time-limited test] SendReceiveEmail - TEXT/HTML
[INFO ] 2020-11-24 23:12:56.554 [Time-limited test] SendReceiveEmail - <img width=100 height=100 id="1" src="cid:bliss.png"/>
[INFO ] 2020-11-24 23:12:56.554 [Time-limited test] SendReceiveEmail - +++++
[INFO ] 2020-11-24 23:12:56.554 [Time-limited test] SendReceiveEmail - 

===[93]===
[INFO ] 2020-11-24 23:12:56.554 [Time-limited test] SendReceiveEmail - FROM:bg01test@gmail.com
[INFO ] 2020-11-24 23:12:56.554 [Time-limited test] SendReceiveEmail - TO:[bg02test@gmail.com]
[INFO ] 2020-11-24 23:12:56.554 [Time-limited test] SendReceiveEmail - CC:[]
[INFO ] 2020-11-24 23:12:56.554 [Time-limited test] SendReceiveEmail - SUBJECT:null
[INFO ] 2020-11-24 23:12:56.554 [Time-limited test] SendReceiveEmail - PRIORITY:-1
[INFO ] 2020-11-24 23:12:56.555 [Time-limited test] SendReceiveEmail - SENT DATE:Tue Nov 24 22:54:22 EST 2020
[INFO ] 2020-11-24 23:12:56.555 [Time-limited test] SendReceiveEmail - RECEIVED DATE: Tue Nov 24 22:54:23 EST 2020
[INFO ] 2020-11-24 23:12:56.555 [Time-limited test] SendReceiveEmail - ------
[INFO ] 2020-11-24 23:12:56.555 [Time-limited test] SendReceiveEmail - UTF-8
[INFO ] 2020-11-24 23:12:56.555 [Time-limited test] SendReceiveEmail - TEXT/PLAIN
[INFO ] 2020-11-24 23:12:56.555 [Time-limited test] SendReceiveEmail - fffffffffffffffffffffffffffffffffffffffff
[INFO ] 2020-11-24 23:12:56.555 [Time-limited test] SendReceiveEmail - +++++
[INFO ] 2020-11-24 23:12:56.555 [Time-limited test] SendReceiveEmail - 

===[94]===
[INFO ] 2020-11-24 23:12:56.555 [Time-limited test] SendReceiveEmail - FROM:bg01test@gmail.com
[INFO ] 2020-11-24 23:12:56.556 [Time-limited test] SendReceiveEmail - TO:[bg02test@gmail.com]
[INFO ] 2020-11-24 23:12:56.556 [Time-limited test] SendReceiveEmail - CC:[]
[INFO ] 2020-11-24 23:12:56.556 [Time-limited test] SendReceiveEmail - SUBJECT:null
[INFO ] 2020-11-24 23:12:56.556 [Time-limited test] SendReceiveEmail - PRIORITY:-1
[INFO ] 2020-11-24 23:12:56.556 [Time-limited test] SendReceiveEmail - SENT DATE:Tue Nov 24 22:54:27 EST 2020
[INFO ] 2020-11-24 23:12:56.556 [Time-limited test] SendReceiveEmail - RECEIVED DATE: Tue Nov 24 22:54:28 EST 2020
[INFO ] 2020-11-24 23:12:56.556 [Time-limited test] SendReceiveEmail - ------
[INFO ] 2020-11-24 23:12:56.556 [Time-limited test] SendReceiveEmail - UTF-8
[INFO ] 2020-11-24 23:12:56.556 [Time-limited test] SendReceiveEmail - TEXT/PLAIN
[INFO ] 2020-11-24 23:12:56.556 [Time-limited test] SendReceiveEmail - this is the email with nothing but text and a recipient

[INFO ] 2020-11-24 23:12:56.557 [Time-limited test] SendReceiveEmail - +++++
[INFO ] 2020-11-24 23:12:56.557 [Time-limited test] SendReceiveEmail - 

===[95]===
[INFO ] 2020-11-24 23:12:56.557 [Time-limited test] SendReceiveEmail - FROM:bg01test@gmail.com
[INFO ] 2020-11-24 23:12:56.557 [Time-limited test] SendReceiveEmail - TO:[bg02test@gmail.com, bg03test@gmail.com]
[INFO ] 2020-11-24 23:12:56.557 [Time-limited test] SendReceiveEmail - CC:[]
[INFO ] 2020-11-24 23:12:56.557 [Time-limited test] SendReceiveEmail - SUBJECT:null
[INFO ] 2020-11-24 23:12:56.557 [Time-limited test] SendReceiveEmail - PRIORITY:-1
[INFO ] 2020-11-24 23:12:56.557 [Time-limited test] SendReceiveEmail - SENT DATE:Tue Nov 24 22:54:42 EST 2020
[INFO ] 2020-11-24 23:12:56.558 [Time-limited test] SendReceiveEmail - RECEIVED DATE: Tue Nov 24 22:54:43 EST 2020
[INFO ] 2020-11-24 23:12:56.558 [Time-limited test] SendReceiveEmail - ------
[INFO ] 2020-11-24 23:12:56.558 [Time-limited test] SendReceiveEmail - UTF-8
[INFO ] 2020-11-24 23:12:56.558 [Time-limited test] SendReceiveEmail - TEXT/PLAIN
[INFO ] 2020-11-24 23:12:56.558 [Time-limited test] SendReceiveEmail - aaaaaaaaaaaaaaaaaaaaaaaaaaaaaaaaaaaaaaa

[INFO ] 2020-11-24 23:12:56.558 [Time-limited test] SendReceiveEmail - +++++
[INFO ] 2020-11-24 23:12:56.558 [Time-limited test] SendReceiveEmail - 

===[96]===
[INFO ] 2020-11-24 23:12:56.558 [Time-limited test] SendReceiveEmail - FROM:bg01test@gmail.com
[INFO ] 2020-11-24 23:12:56.558 [Time-limited test] SendReceiveEmail - TO:[bg02test@gmail.com]
[INFO ] 2020-11-24 23:12:56.558 [Time-limited test] SendReceiveEmail - CC:[bg03test@gmail.com]
[INFO ] 2020-11-24 23:12:56.559 [Time-limited test] SendReceiveEmail - SUBJECT:null
[INFO ] 2020-11-24 23:12:56.559 [Time-limited test] SendReceiveEmail - PRIORITY:-1
[INFO ] 2020-11-24 23:12:56.559 [Time-limited test] SendReceiveEmail - SENT DATE:Tue Nov 24 23:12:37 EST 2020
[INFO ] 2020-11-24 23:12:56.559 [Time-limited test] SendReceiveEmail - RECEIVED DATE: Tue Nov 24 23:12:38 EST 2020
[INFO ] 2020-11-24 23:12:56.559 [Time-limited test] SendReceiveEmail - ------
[INFO ] 2020-11-24 23:12:56.559 [Time-limited test] SendReceiveEmail - UTF-8
[INFO ] 2020-11-24 23:12:56.559 [Time-limited test] SendReceiveEmail - TEXT/PLAIN
[INFO ] 2020-11-24 23:12:56.559 [Time-limited test] SendReceiveEmail - bbbbbbbbbbbbbbbbbbbbbbbbbbbbbbbbbbbb

[INFO ] 2020-11-24 23:12:56.559 [Time-limited test] SendReceiveEmail - +++++
[INFO ] 2020-11-24 23:12:56.559 [Time-limited test] SendReceiveEmail - 

===[97]===
[INFO ] 2020-11-24 23:12:56.560 [Time-limited test] SendReceiveEmail - FROM:bg01test@gmail.com
[INFO ] 2020-11-24 23:12:56.560 [Time-limited test] SendReceiveEmail - TO:[bg02test@gmail.com]
[INFO ] 2020-11-24 23:12:56.560 [Time-limited test] SendReceiveEmail - CC:[bg03test@gmail.com, bg04test@gmail.com]
[INFO ] 2020-11-24 23:12:56.560 [Time-limited test] SendReceiveEmail - SUBJECT:null
[INFO ] 2020-11-24 23:12:56.560 [Time-limited test] SendReceiveEmail - PRIORITY:-1
[INFO ] 2020-11-24 23:12:56.560 [Time-limited test] SendReceiveEmail - SENT DATE:Tue Nov 24 23:12:42 EST 2020
[INFO ] 2020-11-24 23:12:56.560 [Time-limited test] SendReceiveEmail - RECEIVED DATE: Tue Nov 24 23:12:43 EST 2020
[INFO ] 2020-11-24 23:12:56.560 [Time-limited test] SendReceiveEmail - ------
[INFO ] 2020-11-24 23:12:56.561 [Time-limited test] SendReceiveEmail - UTF-8
[INFO ] 2020-11-24 23:12:56.561 [Time-limited test] SendReceiveEmail - TEXT/PLAIN
[INFO ] 2020-11-24 23:12:56.561 [Time-limited test] SendReceiveEmail - ddddddddddddddddddddddddddddddddddd

[INFO ] 2020-11-24 23:12:56.561 [Time-limited test] SendReceiveEmail - +++++
]]></system-out>
  </testcase>
  <testcase name="testRetrievingReturningArrayofReceivedEmails" classname="ca.brandongartner.jag.mail_business_tests.TestMainApplication" time="9.393"/>
  <testcase name="testDoubleReceive" classname="ca.brandongartner.jag.mail_business_tests.TestMainApplication" time="12.56"/>
  <testcase name="testOneRecipientOneBCC" classname="ca.brandongartner.jag.mail_business_tests.TestMainApplication" time="4.768"/>
  <testcase name="testOneRecipientTwoBCC" classname="ca.brandongartner.jag.mail_business_tests.TestMainApplication" time="4.833"/>
  <testcase name="testNullEmailAddressSend" classname="ca.brandongartner.jag.mail_business_tests.TestMainApplication" time="3.309">
    <error message="Unexpected exception, expected&lt;jodd.mail.MailException&gt; but was&lt;java.lang.ExceptionInInitializerError&gt;" type="java.lang.Exception"><![CDATA[java.lang.Exception: Unexpected exception, expected<jodd.mail.MailException> but was<java.lang.ExceptionInInitializerError>
	at ca.brandongartner.jag.mail_business_tests.TestMainApplication.testNullEmailAddressSend(TestMainApplication.java:339)
Caused by: java.lang.IllegalStateException: Toolkit not initialized
	at ca.brandongartner.jag.mail_business_tests.TestMainApplication.testNullEmailAddressSend(TestMainApplication.java:339)
]]></error>
    <system-out><![CDATA[[INFO ] 2020-11-24 23:13:31.135 [Time-limited test] SendReceiveEmail - Email bg01test@gmail.com verified!
]]></system-out>
  </testcase>
  <testcase name="testSendTextSubjectHTMLEmail" classname="ca.brandongartner.jag.mail_business_tests.TestMainApplication" time="4.708"/>
  <testcase name="testOneRecipientOneEmbeddedAttachment" classname="ca.brandongartner.jag.mail_business_tests.TestMainApplication" time="4.914"/>
  <testcase name="testSendEmptyMessage" classname="ca.brandongartner.jag.mail_business_tests.TestMainApplication" time="4.968"/>
  <testcase name="testBadMailConfigBadEmailOnReceive" classname="ca.brandongartner.jag.mail_business_tests.TestMainApplication" time="9.702"/>
  <testcase name="testBadMailConfigWrongPassOnReceive" classname="ca.brandongartner.jag.mail_business_tests.TestMainApplication" time="9.748"/>
  <testcase name="testSendHTMLEmail" classname="ca.brandongartner.jag.mail_business_tests.TestMainApplication" time="4.739"/>
  <testcase name="testReceivingEmails" classname="ca.brandongartner.jag.mail_business_tests.TestMainApplication" time="25.376"/>
  <testcase name="testOneRecipientMultipleAttachments" classname="ca.brandongartner.jag.mail_business_tests.TestMainApplication" time="5.664"/>
  <testcase name="testSendWithoutRecipient" classname="ca.brandongartner.jag.mail_business_tests.TestMainApplication" time="3.64"/>
  <testcase name="testOneRecipientMultipleEmbeddedAttachment" classname="ca.brandongartner.jag.mail_business_tests.TestMainApplication" time="5.685"/>
  <testcase name="testOneRecipientOneAttachment" classname="ca.brandongartner.jag.mail_business_tests.TestMainApplication" time="5.526"/>
  <testcase name="testSendTextOnlyMessage" classname="ca.brandongartner.jag.mail_business_tests.TestMainApplication" time="4.688"/>
  <testcase name="testBadMailConfigBadEmailOnSend" classname="ca.brandongartner.jag.mail_business_tests.TestMainApplication" time="3.412"/>
  <testcase name="testBadMailConfigWrongPassOnSend" classname="ca.brandongartner.jag.mail_business_tests.TestMainApplication" time="3.414"/>
  <testcase name="testInvalidEmailAddressSend" classname="ca.brandongartner.jag.mail_business_tests.TestMainApplication" time="3.008">
    <error message="Unexpected exception, expected&lt;jodd.mail.MailException&gt; but was&lt;java.lang.NoClassDefFoundError&gt;" type="java.lang.Exception"><![CDATA[java.lang.Exception: Unexpected exception, expected<jodd.mail.MailException> but was<java.lang.NoClassDefFoundError>
	at ca.brandongartner.jag.mail_business_tests.TestMainApplication.testInvalidEmailAddressSend(TestMainApplication.java:349)
]]></error>
    <system-out><![CDATA[[INFO ] 2020-11-24 23:15:10.629 [Time-limited test] SendReceiveEmail - Email bg01test@gmail.com verified!
]]></system-out>
  </testcase>
  <testcase name="testSendMultipleRecipients" classname="ca.brandongartner.jag.mail_business_tests.TestMainApplication" time="4.779"/>
</testsuite>